<?xml version="1.0" encoding="UTF-8"?>
<!-- Generated by org.testng.reporters.JUnitXMLReporter -->
<testsuite hostname="ANIL-PC" ignored="0" name="Default test" tests="7" failures="0" timestamp="24 Nov 2019 14:56:45 GMT" time="22.36" errors="0">
  <testcase name="checkContentType" time="10.013" classname="testCases.TC001"/>
  <testcase name="checkResponseTime" time="0.008" classname="testCases.TC001"/>
  <testcase name="checkServerType" time="0.057" classname="testCases.TC001"/>
  <testcase name="checkStatusLine" time="0.005" classname="testCases.TC001"/>
  <testcase name="checkcontentEncoding" time="0.006" classname="testCases.TC001"/>
  <testcase name="checkstatusCode" time="0.047" classname="testCases.TC001"/>
  <testcase name="responseBody" time="0.872" classname="testCases.TC001"/>
</testsuite> <!-- Default test -->
