<?xml version="1.0" encoding="UTF-8"?>
<testng-results skipped="0" failed="0" ignored="0" total="7" passed="7">
  <reporter-output>
  </reporter-output>
  <suite name="Employee Rest API" duration-ms="9428" started-at="2019-11-24T14:58:03Z" finished-at="2019-11-24T14:58:12Z">
    <groups>
    </groups>
    <test name="Rest API Testing" duration-ms="9428" started-at="2019-11-24T14:58:03Z" finished-at="2019-11-24T14:58:12Z">
      <class name="testCases.TC001">
        <test-method status="PASS" signature="setup()[pri:0, instance:testCases.TC001@ae45eb6]" name="setup" is-config="true" duration-ms="257" started-at="2019-11-24T14:58:03Z" finished-at="2019-11-24T14:58:03Z">
          <reporter-output>
          </reporter-output>
        </test-method> <!-- setup -->
        <test-method status="PASS" signature="getAllEmployees()[pri:0, instance:testCases.TC001@ae45eb6]" name="getAllEmployees" is-config="true" duration-ms="8073" started-at="2019-11-24T14:58:04Z" finished-at="2019-11-24T14:58:12Z">
          <reporter-output>
          </reporter-output>
        </test-method> <!-- getAllEmployees -->
        <test-method status="PASS" signature="checkContentType()[pri:0, instance:testCases.TC001@ae45eb6]" name="checkContentType" duration-ms="21" started-at="2019-11-24T14:58:12Z" finished-at="2019-11-24T14:58:12Z">
          <reporter-output>
          </reporter-output>
        </test-method> <!-- checkContentType -->
        <test-method status="PASS" signature="checkResponseTime()[pri:0, instance:testCases.TC001@ae45eb6]" name="checkResponseTime" duration-ms="5" started-at="2019-11-24T14:58:12Z" finished-at="2019-11-24T14:58:12Z">
          <reporter-output>
          </reporter-output>
        </test-method> <!-- checkResponseTime -->
        <test-method status="PASS" signature="checkServerType()[pri:0, instance:testCases.TC001@ae45eb6]" name="checkServerType" duration-ms="3" started-at="2019-11-24T14:58:12Z" finished-at="2019-11-24T14:58:12Z">
          <reporter-output>
          </reporter-output>
        </test-method> <!-- checkServerType -->
        <test-method status="PASS" signature="checkStatusLine()[pri:0, instance:testCases.TC001@ae45eb6]" name="checkStatusLine" duration-ms="4" started-at="2019-11-24T14:58:12Z" finished-at="2019-11-24T14:58:12Z">
          <reporter-output>
          </reporter-output>
        </test-method> <!-- checkStatusLine -->
        <test-method status="PASS" signature="checkcontentEncoding()[pri:0, instance:testCases.TC001@ae45eb6]" name="checkcontentEncoding" duration-ms="62" started-at="2019-11-24T14:58:12Z" finished-at="2019-11-24T14:58:12Z">
          <reporter-output>
          </reporter-output>
        </test-method> <!-- checkcontentEncoding -->
        <test-method status="PASS" signature="checkstatusCode()[pri:0, instance:testCases.TC001@ae45eb6]" name="checkstatusCode" duration-ms="3" started-at="2019-11-24T14:58:12Z" finished-at="2019-11-24T14:58:12Z">
          <reporter-output>
          </reporter-output>
        </test-method> <!-- checkstatusCode -->
        <test-method status="PASS" signature="responseBody()[pri:0, instance:testCases.TC001@ae45eb6]" name="responseBody" duration-ms="136" started-at="2019-11-24T14:58:12Z" finished-at="2019-11-24T14:58:12Z">
          <reporter-output>
          </reporter-output>
        </test-method> <!-- responseBody -->
        <test-method status="PASS" signature="tearDown()[pri:0, instance:testCases.TC001@ae45eb6]" name="tearDown" is-config="true" duration-ms="1" started-at="2019-11-24T14:58:12Z" finished-at="2019-11-24T14:58:12Z">
          <reporter-output>
          </reporter-output>
        </test-method> <!-- tearDown -->
      </class> <!-- testCases.TC001 -->
    </test> <!-- Rest API Testing -->
  </suite> <!-- Employee Rest API -->
</testng-results>
